2025-04-10 10:33:58,592 - data_ingestion - ERROR - File not found: params.yaml
2025-04-10 10:33:58,596 - data_ingestion - ERROR - Failed to complete the data ingestion process: [Errno 2] No such file or directory: 'params.yaml'
2025-04-10 10:35:34,548 - data_ingestion - ERROR - File not found: params.yaml
2025-04-10 10:35:34,549 - data_ingestion - ERROR - Failed to complete the data ingestion process: [Errno 2] No such file or directory: 'params.yaml'
2025-04-10 10:39:22,472 - data_ingestion - ERROR - File not found: params.yaml
2025-04-10 10:39:22,473 - data_ingestion - ERROR - Failed to complete the data ingestion process: [Errno 2] No such file or directory: 'params.yaml'
2025-04-10 10:41:07,660 - data_ingestion - ERROR - File not found: params.yaml
2025-04-10 10:41:07,661 - data_ingestion - ERROR - Failed to complete the data ingestion process: [Errno 2] No such file or directory: 'params.yaml'
2025-04-10 10:49:41,456 - data_ingestion - ERROR - File not found: params.yaml
2025-04-10 10:49:41,457 - data_ingestion - ERROR - Failed to complete the data ingestion process: [Errno 2] No such file or directory: 'params.yaml'
2025-04-10 10:52:39,558 - data_ingestion - ERROR - Failed to complete the data ingestion process: name 'yaml' is not defined
2025-04-10 10:54:50,580 - data_ingestion - DEBUG - Parameters retrieved from params.yaml
2025-04-10 10:54:51,103 - data_ingestion - DEBUG - Data loaded from https://raw.githubusercontent.com/vikashishere/Datasets/main/spam.csv
2025-04-10 10:54:51,112 - data_ingestion - DEBUG - Data preprocessing completed
2025-04-10 10:54:51,142 - data_ingestion - DEBUG - Train and test data saved to ./data\raw
2025-04-10 12:01:12,776 - data_ingestion - DEBUG - Parameters retrieved from params.yaml
2025-04-10 12:01:13,148 - data_ingestion - DEBUG - Data loaded from https://raw.githubusercontent.com/vikashishere/Datasets/main/spam.csv
2025-04-10 12:01:13,150 - data_ingestion - DEBUG - Data preprocessing completed
2025-04-10 12:01:13,178 - data_ingestion - DEBUG - Train and test data saved to ./data\raw
2025-04-10 12:02:22,819 - data_ingestion - DEBUG - Parameters retrieved from params.yaml
2025-04-10 12:02:22,929 - data_ingestion - DEBUG - Data loaded from https://raw.githubusercontent.com/vikashishere/Datasets/main/spam.csv
2025-04-10 12:02:22,930 - data_ingestion - DEBUG - Data preprocessing completed
2025-04-10 12:02:22,945 - data_ingestion - DEBUG - Train and test data saved to ./data\raw
2025-04-10 12:34:00,008 - data_ingestion - DEBUG - Parameters retrieved from params.yaml
2025-04-10 12:34:00,470 - data_ingestion - DEBUG - Data loaded from https://raw.githubusercontent.com/vikashishere/Datasets/main/spam.csv
2025-04-10 12:34:00,472 - data_ingestion - DEBUG - Data preprocessing completed
2025-04-10 12:34:00,497 - data_ingestion - DEBUG - Train and test data saved to ./data\raw
