2025-04-10 11:11:20,974 - data_preprocessing - DEBUG - Data loaded properly
2025-04-10 11:11:20,975 - data_preprocessing - DEBUG - Starting preprocessing for DataFrame
2025-04-10 11:11:20,976 - data_preprocessing - DEBUG - Target column encoded
2025-04-10 11:11:20,984 - data_preprocessing - DEBUG - Duplicates removed
2025-04-10 11:11:20,989 - data_preprocessing - ERROR - Error during text normalization: 
**********************************************************************
  Resource [93mpunkt_tab[0m not found.
  Please use the NLTK Downloader to obtain the resource:

  [31m>>> import nltk
  >>> nltk.download('punkt_tab')
  [0m
  For more information see: https://www.nltk.org/data.html

  Attempted to load [93mtokenizers/punkt_tab/english/[0m

  Searched in:
    - 'C:\\Users\\rahma/nltk_data'
    - 'C:\\Program Files\\Python313\\nltk_data'
    - 'C:\\Program Files\\Python313\\share\\nltk_data'
    - 'C:\\Program Files\\Python313\\lib\\nltk_data'
    - 'C:\\Users\\rahma\\AppData\\Roaming\\nltk_data'
    - 'C:\\nltk_data'
    - 'D:\\nltk_data'
    - 'E:\\nltk_data'
**********************************************************************

2025-04-10 11:11:20,990 - data_preprocessing - ERROR - Failed to complete the data transformation process: 
**********************************************************************
  Resource [93mpunkt_tab[0m not found.
  Please use the NLTK Downloader to obtain the resource:

  [31m>>> import nltk
  >>> nltk.download('punkt_tab')
  [0m
  For more information see: https://www.nltk.org/data.html

  Attempted to load [93mtokenizers/punkt_tab/english/[0m

  Searched in:
    - 'C:\\Users\\rahma/nltk_data'
    - 'C:\\Program Files\\Python313\\nltk_data'
    - 'C:\\Program Files\\Python313\\share\\nltk_data'
    - 'C:\\Program Files\\Python313\\lib\\nltk_data'
    - 'C:\\Users\\rahma\\AppData\\Roaming\\nltk_data'
    - 'C:\\nltk_data'
    - 'D:\\nltk_data'
    - 'E:\\nltk_data'
**********************************************************************

2025-04-10 11:12:06,942 - data_preprocessing - DEBUG - Data loaded properly
2025-04-10 11:12:06,944 - data_preprocessing - DEBUG - Starting preprocessing for DataFrame
2025-04-10 11:12:06,945 - data_preprocessing - DEBUG - Target column encoded
2025-04-10 11:12:06,947 - data_preprocessing - DEBUG - Duplicates removed
2025-04-10 11:12:06,949 - data_preprocessing - ERROR - Error during text normalization: 
**********************************************************************
  Resource [93mpunkt_tab[0m not found.
  Please use the NLTK Downloader to obtain the resource:

  [31m>>> import nltk
  >>> nltk.download('punkt_tab')
  [0m
  For more information see: https://www.nltk.org/data.html

  Attempted to load [93mtokenizers/punkt_tab/english/[0m

  Searched in:
    - 'C:\\Users\\rahma/nltk_data'
    - 'C:\\Program Files\\Python313\\nltk_data'
    - 'C:\\Program Files\\Python313\\share\\nltk_data'
    - 'C:\\Program Files\\Python313\\lib\\nltk_data'
    - 'C:\\Users\\rahma\\AppData\\Roaming\\nltk_data'
    - 'C:\\nltk_data'
    - 'D:\\nltk_data'
    - 'E:\\nltk_data'
**********************************************************************

2025-04-10 11:12:06,949 - data_preprocessing - ERROR - Failed to complete the data transformation process: 
**********************************************************************
  Resource [93mpunkt_tab[0m not found.
  Please use the NLTK Downloader to obtain the resource:

  [31m>>> import nltk
  >>> nltk.download('punkt_tab')
  [0m
  For more information see: https://www.nltk.org/data.html

  Attempted to load [93mtokenizers/punkt_tab/english/[0m

  Searched in:
    - 'C:\\Users\\rahma/nltk_data'
    - 'C:\\Program Files\\Python313\\nltk_data'
    - 'C:\\Program Files\\Python313\\share\\nltk_data'
    - 'C:\\Program Files\\Python313\\lib\\nltk_data'
    - 'C:\\Users\\rahma\\AppData\\Roaming\\nltk_data'
    - 'C:\\nltk_data'
    - 'D:\\nltk_data'
    - 'E:\\nltk_data'
**********************************************************************

2025-04-10 11:17:17,865 - data_preprocessing - DEBUG - Data loaded properly
2025-04-10 11:17:17,865 - data_preprocessing - DEBUG - Starting preprocessing for DataFrame
2025-04-10 11:17:17,867 - data_preprocessing - DEBUG - Target column encoded
2025-04-10 11:17:17,869 - data_preprocessing - DEBUG - Duplicates removed
2025-04-10 11:17:25,856 - data_preprocessing - DEBUG - Text column transformed
2025-04-10 11:17:25,856 - data_preprocessing - DEBUG - Starting preprocessing for DataFrame
2025-04-10 11:17:25,857 - data_preprocessing - DEBUG - Target column encoded
2025-04-10 11:17:25,858 - data_preprocessing - DEBUG - Duplicates removed
2025-04-10 11:17:27,952 - data_preprocessing - DEBUG - Text column transformed
2025-04-10 11:17:27,962 - data_preprocessing - DEBUG - Processed data saved to ./data\interim
