2025-04-10 11:25:08,669 - feature_engineering - DEBUG - Parameters retrieved from params.yaml
2025-04-10 11:25:08,699 - feature_engineering - DEBUG - Data loaded and NaNs filled from ./data/interim/train_processed.csv
2025-04-10 11:25:08,718 - feature_engineering - DEBUG - Data loaded and NaNs filled from ./data/interim/test_processed.csv
2025-04-10 11:25:08,761 - feature_engineering - DEBUG - tfidf applied and data transformed
2025-04-10 11:25:08,808 - feature_engineering - DEBUG - Data saved to ./data\processed\train_tfidf.csv
2025-04-10 11:25:08,821 - feature_engineering - DEBUG - Data saved to ./data\processed\test_tfidf.csv
2025-04-10 12:08:09,895 - feature_engineering - DEBUG - Parameters retrieved from params.yaml
2025-04-10 12:08:09,903 - feature_engineering - DEBUG - Data loaded and NaNs filled from ./data/interim/train_processed.csv
2025-04-10 12:08:09,906 - feature_engineering - DEBUG - Data loaded and NaNs filled from ./data/interim/test_processed.csv
2025-04-10 12:08:09,981 - feature_engineering - DEBUG - tfidf applied and data transformed
2025-04-10 12:08:14,379 - feature_engineering - DEBUG - Data saved to ./data\processed\train_tfidf.csv
2025-04-10 12:08:15,534 - feature_engineering - DEBUG - Data saved to ./data\processed\test_tfidf.csv
2025-04-10 12:08:56,510 - feature_engineering - DEBUG - Parameters retrieved from params.yaml
2025-04-10 12:08:56,517 - feature_engineering - DEBUG - Data loaded and NaNs filled from ./data/interim/train_processed.csv
2025-04-10 12:08:56,520 - feature_engineering - DEBUG - Data loaded and NaNs filled from ./data/interim/test_processed.csv
2025-04-10 12:08:56,575 - feature_engineering - DEBUG - tfidf applied and data transformed
2025-04-10 12:09:00,900 - feature_engineering - DEBUG - Data saved to ./data\processed\train_tfidf.csv
2025-04-10 12:09:02,088 - feature_engineering - DEBUG - Data saved to ./data\processed\test_tfidf.csv
2025-04-10 12:12:19,325 - feature_engineering - DEBUG - Parameters retrieved from params.yaml
2025-04-10 12:12:19,331 - feature_engineering - DEBUG - Data loaded and NaNs filled from ./data/interim/train_processed.csv
2025-04-10 12:12:19,334 - feature_engineering - DEBUG - Data loaded and NaNs filled from ./data/interim/test_processed.csv
2025-04-10 12:12:19,377 - feature_engineering - DEBUG - tfidf applied and data transformed
2025-04-10 12:12:19,424 - feature_engineering - DEBUG - Data saved to ./data\processed\train_tfidf.csv
2025-04-10 12:12:19,437 - feature_engineering - DEBUG - Data saved to ./data\processed\test_tfidf.csv
2025-04-10 12:34:14,777 - feature_engineering - DEBUG - Parameters retrieved from params.yaml
2025-04-10 12:34:14,785 - feature_engineering - DEBUG - Data loaded and NaNs filled from ./data/interim/train_processed.csv
2025-04-10 12:34:14,787 - feature_engineering - DEBUG - Data loaded and NaNs filled from ./data/interim/test_processed.csv
2025-04-10 12:34:14,823 - feature_engineering - DEBUG - tfidf applied and data transformed
2025-04-10 12:34:14,889 - feature_engineering - DEBUG - Data saved to ./data\processed\train_tfidf.csv
2025-04-10 12:34:14,902 - feature_engineering - DEBUG - Data saved to ./data\processed\test_tfidf.csv
